=== dump_to_flat ===
  Input : W:\Temp\utxo-tip.dat
  Output: Y:\btcsolver\data\utxo-tip.building.snapshot
  min_value: 1 sats
  Base block: 0000000000000000000103f4585bae0e9f5957f9698f38b0df7ec932357bb8c3
  UTXOs: 166127284
  https://mempool.space/block/0000000000000000000103f4585bae0e9f5957f9698f38b0df7ec932357bb8c3
  5000000 / 166127284 (3.0%) scripts=2814174 (1424669 UTXO/s)
  10000000 / 166127284 (6.0%) scripts=5178860 (1571786 UTXO/s)
  15000000 / 166127284 (9.0%) scripts=7380288 (1664804 UTXO/s)
  20000000 / 166127284 (12.0%) scripts=9484069 (1708416 UTXO/s)
  25000000 / 166127284 (15.0%) scripts=11498416 (1749480 UTXO/s)
  30000000 / 166127284 (18.1%) scripts=13467995 (1774394 UTXO/s)
  35000000 / 166127284 (21.1%) scripts=15396514 (1793972 UTXO/s)
  40000000 / 166127284 (24.1%) scripts=17294388 (1805610 UTXO/s)
  45000000 / 166127284 (27.1%) scripts=19153529 (1827439 UTXO/s)
  50000000 / 166127284 (30.1%) scripts=21002474 (1840233 UTXO/s)
  55000000 / 166127284 (33.1%) scripts=22812874 (1846903 UTXO/s)
  60000000 / 166127284 (36.1%) scripts=24604653 (1849884 UTXO/s)
  65000000 / 166127284 (39.1%) scripts=26375202 (1855824 UTXO/s)
  70000000 / 166127284 (42.1%) scripts=28126889 (1858279 UTXO/s)
  75000000 / 166127284 (45.1%) scripts=29859397 (1862723 UTXO/s)
  80000000 / 166127284 (48.2%) scripts=31573728 (1864836 UTXO/s)
  85000000 / 166127284 (51.2%) scripts=33270218 (1866773 UTXO/s)
  90000000 / 166127284 (54.2%) scripts=34969123 (1867351 UTXO/s)
  95000000 / 166127284 (57.2%) scripts=36637652 (1868904 UTXO/s)
  100000000 / 166127284 (60.2%) scripts=38307258 (1869875 UTXO/s)
  105000000 / 166127284 (63.2%) scripts=39967016 (1870741 UTXO/s)
  110000000 / 166127284 (66.2%) scripts=41609790 (1870117 UTXO/s)
  115000000 / 166127284 (69.2%) scripts=43245444 (1869740 UTXO/s)
  120000000 / 166127284 (72.2%) scripts=44867879 (1869149 UTXO/s)
  125000000 / 166127284 (75.2%) scripts=46475145 (1868462 UTXO/s)
  130000000 / 166127284 (78.3%) scripts=48072440 (1868171 UTXO/s)
  135000000 / 166127284 (81.3%) scripts=49658411 (1866857 UTXO/s)
  140000000 / 166127284 (84.3%) scripts=51240303 (1866019 UTXO/s)
  145000000 / 166127284 (87.3%) scripts=52828204 (1865752 UTXO/s)
  150000000 / 166127284 (90.3%) scripts=54408920 (1864011 UTXO/s)
  155000000 / 166127284 (93.3%) scripts=55968910 (1862620 UTXO/s)
  160000000 / 166127284 (96.3%) scripts=57527117 (1861883 UTXO/s)
  165000000 / 166127284 (99.3%) scripts=59079454 (1861048 UTXO/s)
  Parse done in 89.2s — 59426905 scripts with balance >= 1 sats
  Total value indexed: 20057341.76084052 BTC
  Writing FlatIndex snapshot...
  Snapshot written in 207.1s → Y:\btcsolver\data\utxo-tip.building.snapshot
  Meta: Y:\btcsolver\data\utxo-tip.building.snapshot.meta.json
✅ Done. Use with:
   brainwallet_scan --texts corpus.txt --snapshot Y:\btcsolver\data\utxo-tip.building.snapshot --threads 23
   brute_force --snapshot-path Y:\btcsolver\data\utxo-tip.building.snapshot --use-gpu --threads 24 --random --batch-size 1024000
